Mono path[0] = '/home/jy/.local/share/Steam/steamapps/common/Ziggurat 2/Ziggurat2_Data/Managed'
Mono config path = '/home/jy/.local/share/Steam/steamapps/common/Ziggurat 2/Ziggurat2_Data/MonoBleedingEdge/etc'
Preloaded 'libsteam_api.so'
Preloaded 'steam_api64.so'
Unable to preload the following plugins:
	sqlite3.so
Display 0 'Z321QU 31"': 2560x1440 (primary device).
Display 1 'C27HG7x 27"': 1440x2560 (secondary device).
Desktop is 2560 x 1440 @ 165 Hz
[Vulkan init] extensions: count=17
[Vulkan init] extensions: name=VK_KHR_device_group_creation, enabled=0
[Vulkan init] extensions: name=VK_KHR_display, enabled=1
[Vulkan init] extensions: name=VK_KHR_external_fence_capabilities, enabled=0
[Vulkan init] extensions: name=VK_KHR_external_memory_capabilities, enabled=0
[Vulkan init] extensions: name=VK_KHR_external_semaphore_capabilities, enabled=0
[Vulkan init] extensions: name=VK_KHR_get_display_properties2, enabled=0
[Vulkan init] extensions: name=VK_KHR_get_physical_device_properties2, enabled=0
[Vulkan init] extensions: name=VK_KHR_get_surface_capabilities2, enabled=0
[Vulkan init] extensions: name=VK_KHR_surface, enabled=1
[Vulkan init] extensions: name=VK_KHR_surface_protected_capabilities, enabled=0
[Vulkan init] extensions: name=VK_KHR_xcb_surface, enabled=0
[Vulkan init] extensions: name=VK_KHR_xlib_surface, enabled=1
[Vulkan init] extensions: name=VK_EXT_acquire_xlib_display, enabled=0
[Vulkan init] extensions: name=VK_EXT_debug_report, enabled=0
[Vulkan init] extensions: name=VK_EXT_debug_utils, enabled=0
[Vulkan init] extensions: name=VK_EXT_direct_mode_display, enabled=0
[Vulkan init] extensions: name=VK_EXT_display_surface_counter, enabled=0
Vulkan detection: 2
Initialize engine version: 2019.4.27f1 (23dc10685eb4)
[Subsystems] Discovering subsystems at path /home/jy/.local/share/Steam/steamapps/common/Ziggurat 2/Ziggurat2_Data/UnitySubsystems
Forcing GfxDevice: Vulkan
GfxDevice: creating device client; threaded=1
[Vulkan init] extensions: count=17
[Vulkan init] extensions: name=VK_KHR_device_group_creation, enabled=0
[Vulkan init] extensions: name=VK_KHR_display, enabled=1
[Vulkan init] extensions: name=VK_KHR_external_fence_capabilities, enabled=0
[Vulkan init] extensions: name=VK_KHR_external_memory_capabilities, enabled=0
[Vulkan init] extensions: name=VK_KHR_external_semaphore_capabilities, enabled=0
[Vulkan init] extensions: name=VK_KHR_get_display_properties2, enabled=0
[Vulkan init] extensions: name=VK_KHR_get_physical_device_properties2, enabled=0
[Vulkan init] extensions: name=VK_KHR_get_surface_capabilities2, enabled=0
[Vulkan init] extensions: name=VK_KHR_surface, enabled=1
[Vulkan init] extensions: name=VK_KHR_surface_protected_capabilities, enabled=0
[Vulkan init] extensions: name=VK_KHR_xcb_surface, enabled=0
[Vulkan init] extensions: name=VK_KHR_xlib_surface, enabled=1
[Vulkan init] extensions: name=VK_EXT_acquire_xlib_display, enabled=0
[Vulkan init] extensions: name=VK_EXT_debug_report, enabled=0
[Vulkan init] extensions: name=VK_EXT_debug_utils, enabled=0
[Vulkan init] extensions: name=VK_EXT_direct_mode_display, enabled=0
[Vulkan init] extensions: name=VK_EXT_display_surface_counter, enabled=0
[Vulkan init] SelectPhysicalDevice requestedDeviceIndex=-1 xrDevice=(nil)
[Vulkan init] Physical Device 0x1649330 [0]: "NVIDIA GeForce GTX 1070 Ti" deviceType=2 vendorID=10de deviceID=1b82
[Vulkan init] Selected physical device 0x1649330
[Vulkan init] Graphics queue count=1
[Vulkan init] extensions: count=116
[Vulkan init] extensions: name=VK_KHR_16bit_storage, enabled=0
[Vulkan init] extensions: name=VK_KHR_8bit_storage, enabled=0
[Vulkan init] extensions: name=VK_KHR_acceleration_structure, enabled=0
[Vulkan init] extensions: name=VK_KHR_bind_memory2, enabled=0
[Vulkan init] extensions: name=VK_KHR_buffer_device_address, enabled=0
[Vulkan init] extensions: name=VK_KHR_copy_commands2, enabled=0
[Vulkan init] extensions: name=VK_KHR_create_renderpass2, enabled=0
[Vulkan init] extensions: name=VK_KHR_dedicated_allocation, enabled=1
[Vulkan init] extensions: name=VK_KHR_deferred_host_operations, enabled=0
[Vulkan init] extensions: name=VK_KHR_depth_stencil_resolve, enabled=0
[Vulkan init] extensions: name=VK_KHR_descriptor_update_template, enabled=1
[Vulkan init] extensions: name=VK_KHR_device_group, enabled=0
[Vulkan init] extensions: name=VK_KHR_draw_indirect_count, enabled=0
[Vulkan init] extensions: name=VK_KHR_driver_properties, enabled=0
[Vulkan init] extensions: name=VK_KHR_external_fence, enabled=0
[Vulkan init] extensions: name=VK_KHR_external_fence_fd, enabled=0
[Vulkan init] extensions: name=VK_KHR_external_memory, enabled=0
[Vulkan init] extensions: name=VK_KHR_external_memory_fd, enabled=0
[Vulkan init] extensions: name=VK_KHR_external_semaphore, enabled=0
[Vulkan init] extensions: name=VK_KHR_external_semaphore_fd, enabled=0
[Vulkan init] extensions: name=VK_KHR_get_memory_requirements2, enabled=1
[Vulkan init] extensions: name=VK_KHR_image_format_list, enabled=1
[Vulkan init] extensions: name=VK_KHR_imageless_framebuffer, enabled=0
[Vulkan init] extensions: name=VK_KHR_maintenance1, enabled=1
[Vulkan init] extensions: name=VK_KHR_maintenance2, enabled=1
[Vulkan init] extensions: name=VK_KHR_maintenance3, enabled=0
[Vulkan init] extensions: name=VK_KHR_multiview, enabled=1
[Vulkan init] extensions: name=VK_KHR_pipeline_executable_properties, enabled=0
[Vulkan init] extensions: name=VK_KHR_pipeline_library, enabled=0
[Vulkan init] extensions: name=VK_KHR_push_descriptor, enabled=0
[Vulkan init] extensions: name=VK_KHR_ray_tracing_pipeline, enabled=0
[Vulkan init] extensions: name=VK_KHR_relaxed_block_layout, enabled=0
[Vulkan init] extensions: name=VK_KHR_sampler_mirror_clamp_to_edge, enabled=1
[Vulkan init] extensions: name=VK_KHR_sampler_ycbcr_conversion, enabled=0
[Vulkan init] extensions: name=VK_KHR_separate_depth_stencil_layouts, enabled=0
[Vulkan init] extensions: name=VK_KHR_shader_atomic_int64, enabled=0
[Vulkan init] extensions: name=VK_KHR_shader_clock, enabled=0
[Vulkan init] extensions: name=VK_KHR_shader_draw_parameters, enabled=0
[Vulkan init] extensions: name=VK_KHR_shader_float16_int8, enabled=0
[Vulkan init] extensions: name=VK_KHR_shader_float_controls, enabled=0
[Vulkan init] extensions: name=VK_KHR_shader_non_semantic_info, enabled=0
[Vulkan init] extensions: name=VK_KHR_shader_subgroup_extended_types, enabled=0
[Vulkan init] extensions: name=VK_KHR_shader_terminate_invocation, enabled=0
[Vulkan init] extensions: name=VK_KHR_spirv_1_4, enabled=0
[Vulkan init] extensions: name=VK_KHR_storage_buffer_storage_class, enabled=0
[Vulkan init] extensions: name=VK_KHR_swapchain, enabled=1
[Vulkan init] extensions: name=VK_KHR_swapchain_mutable_format, enabled=0
[Vulkan init] extensions: name=VK_KHR_synchronization2, enabled=0
[Vulkan init] extensions: name=VK_KHR_timeline_semaphore, enabled=0
[Vulkan init] extensions: name=VK_KHR_uniform_buffer_standard_layout, enabled=0
[Vulkan init] extensions: name=VK_KHR_variable_pointers, enabled=0
[Vulkan init] extensions: name=VK_KHR_vulkan_memory_model, enabled=0
[Vulkan init] extensions: name=VK_KHR_workgroup_memory_explicit_layout, enabled=0
[Vulkan init] extensions: name=VK_KHR_zero_initialize_workgroup_memory, enabled=0
[Vulkan init] extensions: name=VK_EXT_4444_formats, enabled=0
[Vulkan init] extensions: name=VK_EXT_blend_operation_advanced, enabled=0
[Vulkan init] extensions: name=VK_EXT_buffer_device_address, enabled=0
[Vulkan init] extensions: name=VK_EXT_calibrated_timestamps, enabled=0
[Vulkan init] extensions: name=VK_EXT_conditional_rendering, enabled=0
[Vulkan init] extensions: name=VK_EXT_conservative_rasterization, enabled=0
[Vulkan init] extensions: name=VK_EXT_custom_border_color, enabled=0
[Vulkan init] extensions: name=VK_EXT_depth_clip_enable, enabled=0
[Vulkan init] extensions: name=VK_EXT_depth_range_unrestricted, enabled=0
[Vulkan init] extensions: name=VK_EXT_descriptor_indexing, enabled=0
[Vulkan init] extensions: name=VK_EXT_discard_rectangles, enabled=0
[Vulkan init] extensions: name=VK_EXT_display_control, enabled=0
[Vulkan init] extensions: name=VK_EXT_extended_dynamic_state, enabled=0
[Vulkan init] extensions: name=VK_EXT_external_memory_host, enabled=0
[Vulkan init] extensions: name=VK_EXT_fragment_shader_interlock, enabled=0
[Vulkan init] extensions: name=VK_EXT_global_priority, enabled=0
[Vulkan init] extensions: name=VK_EXT_host_query_reset, enabled=0
[Vulkan init] extensions: name=VK_EXT_image_robustness, enabled=0
[Vulkan init] extensions: name=VK_EXT_index_type_uint8, enabled=0
[Vulkan init] extensions: name=VK_EXT_inline_uniform_block, enabled=0
[Vulkan init] extensions: name=VK_EXT_line_rasterization, enabled=0
[Vulkan init] extensions: name=VK_EXT_memory_budget, enabled=0
[Vulkan init] extensions: name=VK_EXT_pci_bus_info, enabled=0
[Vulkan init] extensions: name=VK_EXT_pipeline_creation_cache_control, enabled=0
[Vulkan init] extensions: name=VK_EXT_pipeline_creation_feedback, enabled=0
[Vulkan init] extensions: name=VK_EXT_post_depth_coverage, enabled=0
[Vulkan init] extensions: name=VK_EXT_private_data, enabled=0
[Vulkan init] extensions: name=VK_EXT_robustness2, enabled=0
[Vulkan init] extensions: name=VK_EXT_sample_locations, enabled=0
[Vulkan init] extensions: name=VK_EXT_sampler_filter_minmax, enabled=0
[Vulkan init] extensions: name=VK_EXT_scalar_block_layout, enabled=0
[Vulkan init] extensions: name=VK_EXT_separate_stencil_usage, enabled=0
[Vulkan init] extensions: name=VK_EXT_shader_atomic_float, enabled=0
[Vulkan init] extensions: name=VK_EXT_shader_demote_to_helper_invocation, enabled=0
[Vulkan init] extensions: name=VK_EXT_shader_image_atomic_int64, enabled=0
[Vulkan init] extensions: name=VK_EXT_shader_subgroup_ballot, enabled=0
[Vulkan init] extensions: name=VK_EXT_shader_subgroup_vote, enabled=0
[Vulkan init] extensions: name=VK_EXT_shader_viewport_index_layer, enabled=0
[Vulkan init] extensions: name=VK_EXT_subgroup_size_control, enabled=0
[Vulkan init] extensions: name=VK_EXT_texel_buffer_alignment, enabled=0
[Vulkan init] extensions: name=VK_EXT_tooling_info, enabled=0
[Vulkan init] extensions: name=VK_EXT_transform_feedback, enabled=0
[Vulkan init] extensions: name=VK_EXT_vertex_attribute_divisor, enabled=0
[Vulkan init] extensions: name=VK_EXT_ycbcr_image_arrays, enabled=0
[Vulkan init] extensions: name=VK_NV_clip_space_w_scaling, enabled=0
[Vulkan init] extensions: name=VK_NV_coverage_reduction_mode, enabled=0
[Vulkan init] extensions: name=VK_NV_dedicated_allocation, enabled=0
[Vulkan init] extensions: name=VK_NV_dedicated_allocation_image_aliasing, enabled=0
[Vulkan init] extensions: name=VK_NV_device_diagnostic_checkpoints, enabled=0
[Vulkan init] extensions: name=VK_NV_device_diagnostics_config, enabled=0
[Vulkan init] extensions: name=VK_NV_device_generated_commands, enabled=0
[Vulkan init] extensions: name=VK_NV_fill_rectangle, enabled=0
[Vulkan init] extensions: name=VK_NV_fragment_coverage_to_color, enabled=0
[Vulkan init] extensions: name=VK_NV_framebuffer_mixed_samples, enabled=0
[Vulkan init] extensions: name=VK_NV_geometry_shader_passthrough, enabled=0
[Vulkan init] extensions: name=VK_NV_ray_tracing, enabled=0
[Vulkan init] extensions: name=VK_NV_sample_mask_override_coverage, enabled=0
[Vulkan init] extensions: name=VK_NV_shader_sm_builtins, enabled=0
[Vulkan init] extensions: name=VK_NV_shader_subgroup_partitioned, enabled=0
[Vulkan init] extensions: name=VK_NV_viewport_array2, enabled=0
[Vulkan init] extensions: name=VK_NV_viewport_swizzle, enabled=0
[Vulkan init] extensions: name=VK_NVX_multiview_per_view_attributes, enabled=0
Fossilize INFO: Overriding serialization path: "/home/jy/.local/share/Steam/steamapps/shadercache/1159560/fozpipelinesv5/steamapprun_pipeline_cache".
Vulkan API version 1.1.0 (1.2.168 supported by driver)
Vulkan vendor=[NVIDIA] id=[10de]
Vulkan renderer=[NVIDIA GeForce GTX 1070 Ti] id=[1b82]
Vulkan device type 2
Vulkan driverversion=[0x7447c000] uint=[1950859264]
Vulkan PSO: Cache data successfully loaded [size=3079646,path=/tmp/Milkstone Studios/Ziggurat2/vulkan_pso_cache.bin]
Begin MonoManager ReloadAssembly
- Completed reload, in  0.050 seconds
requesting resize 2560 x 1440
resizing window to 2560 x 1440
Desktop is 2560 x 1440 @ 165 Hz
InitializeOrResetSwapChain 2560x1440 hdr=0 samples=1
UnloadTime: 0.515807 ms
Log file initialized - /home/jy/.config/unity3d/Milkstone Studios/Ziggurat2/Ziggurat2_log_20210616_2239.txt 
(Filename: ./Runtime/Export/Debug/Debug.bindings.h Line: 39)

Initializing platform 
(Filename: ./Runtime/Export/Debug/Debug.bindings.h Line: 39)

Game version: v71
Date: 06/17/2021 02:39
OS: Linux 5.12 Arch Linux  64bit
Processor: AMD Ryzen 5 2600X Six-Core Processor - Count:12 - Mhz:2200
System RAM:16002MB
Graphics card: NVIDIA GeForce GTX 1070 Ti - Version: Vulkan 1.1.0 [0x7447c000] - RAM: 8438MB
Platform: pc PC 64bit
System language: English
Screen Resolution: 2560x1440@165 Fullscreen:False Mode:Windowed
Game Resolution: 2560x1440
Arguments: ./Ziggurat2.x64 -force-vulkan 
(Filename: ./Runtime/Export/Debug/Debug.bindings.h Line: 39)

Initializing Steam API 
(Filename: ./Runtime/Export/Debug/Debug.bindings.h Line: 39)

Setting breakpad minidump AppID = 1159560
Steam_SetMinidumpSteamID:  Caching Steam ID:  76561198253569037 [API loaded no]
Steam API Initialized. Steam is running:True 
(Filename: ./Runtime/Export/Debug/Debug.bindings.h Line: 39)

Compiled Packsize: 8 Steamworks Packsize: 8 
(Filename: ./Runtime/Export/Debug/Debug.bindings.h Line: 39)

Save Folder: /home/jy/My Games/Ziggurat2/76561198253569037/ - Machine: /home/jy/My Games/Ziggurat2/Local/ 
(Filename: ./Runtime/Export/Debug/Debug.bindings.h Line: 39)

Steam API initialized 
(Filename: ./Runtime/Export/Debug/Debug.bindings.h Line: 39)

No stats file found! 
(Filename: ./Runtime/Export/Debug/Debug.bindings.h Line: 39)

No awards file found! 
(Filename: ./Runtime/Export/Debug/Debug.bindings.h Line: 39)

No DLC file found! 
(Filename: ./Runtime/Export/Debug/Debug.bindings.h Line: 39)

Opening file /home/jy/My Games/Ziggurat2/Local/globalconfig.json - Mode:Open 
(Filename: ./Runtime/Export/Debug/Debug.bindings.h Line: 39)

MilkAddressables initialized. 2840 assets. 
(Filename: ./Runtime/Export/Debug/Debug.bindings.h Line: 39)

Loaded bundle theme_common. Load time: 0.0007869601 
(Filename: ./Runtime/Export/Debug/Debug.bindings.h Line: 39)

Loaded bundle base. Load time: 0.03246367 
(Filename: ./Runtime/Export/Debug/Debug.bindings.h Line: 39)

Loaded bundle bigmap. Load time: 0.0004269481 
(Filename: ./Runtime/Export/Debug/Debug.bindings.h Line: 39)

Loaded bundle characters. Load time: 0.002287447 
(Filename: ./Runtime/Export/Debug/Debug.bindings.h Line: 39)

Loaded bundle duplicates. Load time: 0.0006388426 
(Filename: ./Runtime/Export/Debug/Debug.bindings.h Line: 39)

Loaded bundle enemies. Load time: 0.008779407 
(Filename: ./Runtime/Export/Debug/Debug.bindings.h Line: 39)

Loaded bundle fx. Load time: 0.0005559325 
(Filename: ./Runtime/Export/Debug/Debug.bindings.h Line: 39)

Loaded bundle hands. Load time: 0.0006719232 
(Filename: ./Runtime/Export/Debug/Debug.bindings.h Line: 39)

Loaded bundle pickups. Load time: 0.001075745 
(Filename: ./Runtime/Export/Debug/Debug.bindings.h Line: 39)

Loaded bundle theme_cathedral. Load time: 0.02326757 
(Filename: ./Runtime/Export/Debug/Debug.bindings.h Line: 39)

Loaded bundle ui. Load time: 0.018884 
(Filename: ./Runtime/Export/Debug/Debug.bindings.h Line: 39)

Loaded bundle weapons. Load time: 0.00612396 
(Filename: ./Runtime/Export/Debug/Debug.bindings.h Line: 39)

Playfab Login Success: DF90C501F6EFCFAD 
(Filename: ./Runtime/Export/Debug/Debug.bindings.h Line: 39)

Loaded bundle music. Load time: 0.0002512932 
(Filename: ./Runtime/Export/Debug/Debug.bindings.h Line: 39)

Won focus 
(Filename: ./Runtime/Export/Debug/Debug.bindings.h Line: 39)

Reported resolution: 2560x1440@165Hz Fullscreen:Windowed, no need to change 
(Filename: ./Runtime/Export/Debug/Debug.bindings.h Line: 39)

Initalizing Analytics 
(Filename: ./Runtime/Export/Debug/Debug.bindings.h Line: 39)

GameAnalytics: Unsupported platform (events will not be sent in editor; or missing platform in settings): LinuxPlayer 
(Filename: ./Runtime/Export/Debug/Debug.bindings.h Line: 39)

Unloading 5 Unused Serialized files (Serialized files now loaded: 14)
UnloadTime: 3.799698 ms

Unloading 75 unused Assets to reduce memory usage. Loaded Objects now: 84613.
Total: 64.440496 ms (FindLiveObjects: 3.389638 ms CreateObjectMapping: 6.720427 ms MarkObjects: 54.108986 ms  DeleteObjects: 0.220854 ms)

Loaded bundle lore. Load time: 0.001160622 
(Filename: ./Runtime/Export/Debug/Debug.bindings.h Line: 39)

Lost focus 
(Filename: ./Runtime/Export/Debug/Debug.bindings.h Line: 39)

Won focus 
(Filename: ./Runtime/Export/Debug/Debug.bindings.h Line: 39)

Lost focus 
(Filename: ./Runtime/Export/Debug/Debug.bindings.h Line: 39)

Won focus 
(Filename: ./Runtime/Export/Debug/Debug.bindings.h Line: 39)

LoadScene 
(Filename: ./Runtime/Export/Debug/Debug.bindings.h Line: 39)

IntroScript: Slideshow finished! 
(Filename: ./Runtime/Export/Debug/Debug.bindings.h Line: 39)

Unloading 4 Unused Serialized files (Serialized files now loaded: 15)
UnloadTime: 2.605487 ms
Push UI/Menu/Title 
(Filename: ./Runtime/Export/Debug/Debug.bindings.h Line: 39)


Unloading 73 unused Assets to reduce memory usage. Loaded Objects now: 131902.
Total: 81.396904 ms (FindLiveObjects: 7.644579 ms CreateObjectMapping: 7.278684 ms MarkObjects: 65.971859 ms  DeleteObjects: 0.500760 ms)

Press A to Start pressed by gamepad KeyboardMouse 
(Filename: ./Runtime/Export/Debug/Debug.bindings.h Line: 39)

Switch UI/Menu/LoadingPlayer 
(Filename: ./Runtime/Export/Debug/Debug.bindings.h Line: 39)

Choosing main player: BOT Jerry - PlayerIndex One 
(Filename: ./Runtime/Export/Debug/Debug.bindings.h Line: 39)

Opening file /home/jy/My Games/Ziggurat2/76561198253569037/config.json - Mode:Open 
(Filename: ./Runtime/Export/Debug/Debug.bindings.h Line: 39)

Unlocked DLCs: None 
(Filename: ./Runtime/Export/Debug/Debug.bindings.h Line: 39)

Opening file /home/jy/My Games/Ziggurat2/76561198253569037/campaign.mlk - Mode:Open 
(Filename: ./Runtime/Export/Debug/Debug.bindings.h Line: 39)

Switch UI/Menu/MainMenu 
(Filename: ./Runtime/Export/Debug/Debug.bindings.h Line: 39)

Push UI/Menu/Loading 
(Filename: ./Runtime/Export/Debug/Debug.bindings.h Line: 39)

Loaded bundle loadingscreenshots. Load time: 0.0001907349 
(Filename: ./Runtime/Export/Debug/Debug.bindings.h Line: 39)

Opening file /home/jy/My Games/Ziggurat2/76561198253569037/save_0.mlk - Mode:Open 
(Filename: ./Runtime/Export/Debug/Debug.bindings.h Line: 39)

Modifier RunModifier_Neg_DamageCursed 
(Filename: ./Runtime/Export/Debug/Debug.bindings.h Line: 39)

Modifier RunModifier_Pos_ManaRegenerationAlchemy 
(Filename: ./Runtime/Export/Debug/Debug.bindings.h Line: 39)

Perk PerkLifeAwareness to Level Level1 
(Filename: ./Runtime/Export/Debug/Debug.bindings.h Line: 39)

Perk PerkRogue_Steal to Level Level1 
(Filename: ./Runtime/Export/Debug/Debug.bindings.h Line: 39)

Perk PerkEnraged to Level Level1 
(Filename: ./Runtime/Export/Debug/Debug.bindings.h Line: 39)

Perk PerkEnraged to Level Level2 
(Filename: ./Runtime/Export/Debug/Debug.bindings.h Line: 39)

Perk PerkEnraged to Level Level3 
(Filename: ./Runtime/Export/Debug/Debug.bindings.h Line: 39)

Modifier RunModifier_Neg_Combat_Damage 
(Filename: ./Runtime/Export/Debug/Debug.bindings.h Line: 39)

Modifier RunModifier_Pos_DamageToManaAlchemy 
(Filename: ./Runtime/Export/Debug/Debug.bindings.h Line: 39)

Perk PerkHaste to Level Level1 
(Filename: ./Runtime/Export/Debug/Debug.bindings.h Line: 39)

Loaded bundle amulets. Load time: 0.001350403 
(Filename: ./Runtime/Export/Debug/Debug.bindings.h Line: 39)

Scanning - Process took 2 ms to complete 
(Filename: ./Runtime/Export/Debug/Debug.bindings.h Line: 39)

Loaded bundle theme_egypt. Load time: 0.009943008 
(Filename: ./Runtime/Export/Debug/Debug.bindings.h Line: 39)

Loaded bundle rooms. Load time: 0.1376944 
(Filename: ./Runtime/Export/Debug/Debug.bindings.h Line: 39)

Push UI/Game/IntroLevelHud 
(Filename: ./Runtime/Export/Debug/Debug.bindings.h Line: 39)

Switch UI/Game/GameHud 
(Filename: ./Runtime/Export/Debug/Debug.bindings.h Line: 39)

CampaignManager.Save - Backup: False 
(Filename: ./Runtime/Export/Debug/Debug.bindings.h Line: 39)

Loaded bundle minimap. Load time: 0.001098633 
(Filename: ./Runtime/Export/Debug/Debug.bindings.h Line: 39)

Opening file /home/jy/My Games/Ziggurat2/76561198253569037/campaign.mlk - Mode:Create 
(Filename: ./Runtime/Export/Debug/Debug.bindings.h Line: 39)

Deleting file /home/jy/My Games/Ziggurat2/76561198253569037/save_0.mlk 
(Filename: ./Runtime/Export/Debug/Debug.bindings.h Line: 39)

Push UI/Game/Upgrade 
(Filename: ./Runtime/Export/Debug/Debug.bindings.h Line: 39)

Earned perk Enraged Lv.Level4 
(Filename: ./Runtime/Export/Debug/Debug.bindings.h Line: 39)

Starting fight on room Combat_1x1_Room14 (3)
Enemies to spawn: ZombieToxic Armor ArmorIce  
(Filename: ./Runtime/Export/Debug/Debug.bindings.h Line: 39)

Applying modifier DamageAlchemy 
(Filename: ./Runtime/Export/Debug/Debug.bindings.h Line: 39)

Fight complete 
(Filename: ./Runtime/Export/Debug/Debug.bindings.h Line: 39)

Room 3 cleared 
(Filename: ./Runtime/Export/Debug/Debug.bindings.h Line: 39)

Push UI/Game/Map 
(Filename: ./Runtime/Export/Debug/Debug.bindings.h Line: 39)

Player died! 
(Filename: ./Runtime/Export/Debug/Debug.bindings.h Line: 39)

AddPlaytime 345.2744 
(Filename: ./Runtime/Export/Debug/Debug.bindings.h Line: 39)

CampaignManager.Save - Backup: True 
(Filename: ./Runtime/Export/Debug/Debug.bindings.h Line: 39)

Opening file /home/jy/My Games/Ziggurat2/76561198253569037/campaign.mlk - Mode:Create 
(Filename: ./Runtime/Export/Debug/Debug.bindings.h Line: 39)

Opening file /home/jy/My Games/Ziggurat2/76561198253569037/campaign.bak - Mode:Create 
(Filename: ./Runtime/Export/Debug/Debug.bindings.h Line: 39)

Unloading 6 Unused Serialized files (Serialized files now loaded: 20)
UnloadTime: 80.496163 ms
Push UI/Menu/Loading 
(Filename: ./Runtime/Export/Debug/Debug.bindings.h Line: 39)


Unloading 1206 unused Assets to reduce memory usage. Loaded Objects now: 101184.
Total: 106.527963 ms (FindLiveObjects: 6.228533 ms CreateObjectMapping: 7.779092 ms MarkObjects: 89.663720 ms  DeleteObjects: 2.855867 ms)

Unloading 3 Unused Serialized files (Serialized files now loaded: 20)
UnloadTime: 1.611923 ms
Push UI/Campaign/MissionComplete 
(Filename: ./Runtime/Export/Debug/Debug.bindings.h Line: 39)


Unloading 27 unused Assets to reduce memory usage. Loaded Objects now: 148663.
Total: 112.011109 ms (FindLiveObjects: 9.204125 ms CreateObjectMapping: 9.019850 ms MarkObjects: 92.850407 ms  DeleteObjects: 0.935826 ms)

Switch UI/Campaign/MissionCompletePopup 
(Filename: ./Runtime/Export/Debug/Debug.bindings.h Line: 39)

Switch UI/Campaign/MissionCompletePopup 
(Filename: ./Runtime/Export/Debug/Debug.bindings.h Line: 39)

Switch UI/Campaign/MissionCompleteRewards 
(Filename: ./Runtime/Export/Debug/Debug.bindings.h Line: 39)

Push UI/Campaign/WeaponDetails 
(Filename: ./Runtime/Export/Debug/Debug.bindings.h Line: 39)

Weapon upgraded 
(Filename: ./Runtime/Export/Debug/Debug.bindings.h Line: 39)

Switch UI/Campaign/Main 
(Filename: ./Runtime/Export/Debug/Debug.bindings.h Line: 39)

Switch UI/Menu/MainMenu 
(Filename: ./Runtime/Export/Debug/Debug.bindings.h Line: 39)

Switch UI/Campaign/Main 
(Filename: ./Runtime/Export/Debug/Debug.bindings.h Line: 39)

Push UI/Campaign/Map 
(Filename: ./Runtime/Export/Debug/Debug.bindings.h Line: 39)

Push UI/Campaign/MissionBriefing 
(Filename: ./Runtime/Export/Debug/Debug.bindings.h Line: 39)

Switch UI/Campaign/MissionReady 
(Filename: ./Runtime/Export/Debug/Debug.bindings.h Line: 39)

Switch UI/Campaign/Lore 
(Filename: ./Runtime/Export/Debug/Debug.bindings.h Line: 39)

Mission Reward Multiplier: 140% 
(Filename: ./Runtime/Export/Debug/Debug.bindings.h Line: 39)

Push UI/Menu/Loading 
(Filename: ./Runtime/Export/Debug/Debug.bindings.h Line: 39)

Scanning - Process took 0 ms to complete 
(Filename: ./Runtime/Export/Debug/Debug.bindings.h Line: 39)

Using Seed 194232288 
(Filename: ./Runtime/Export/Debug/Debug.bindings.h Line: 39)

Push UI/Game/IntroLevelHud 
(Filename: ./Runtime/Export/Debug/Debug.bindings.h Line: 39)

Switch UI/Game/GameHud 
(Filename: ./Runtime/Export/Debug/Debug.bindings.h Line: 39)

Starting fight on room Combat_1x1_ZRoom25 (1)
Enemies to spawn: Banshee  
(Filename: ./Runtime/Export/Debug/Debug.bindings.h Line: 39)

Fight complete 
(Filename: ./Runtime/Export/Debug/Debug.bindings.h Line: 39)

Room 1 cleared 
(Filename: ./Runtime/Export/Debug/Debug.bindings.h Line: 39)

Starting fight on room Combat_1x1_ZRoom21 (2)
Enemies to spawn: Carrot Orc Goblin  
(Filename: ./Runtime/Export/Debug/Debug.bindings.h Line: 39)

Player level up! 
(Filename: ./Runtime/Export/Debug/Debug.bindings.h Line: 39)

Fight complete 
(Filename: ./Runtime/Export/Debug/Debug.bindings.h Line: 39)

Room 2 cleared 
(Filename: ./Runtime/Export/Debug/Debug.bindings.h Line: 39)

Push UI/Game/Upgrade 
(Filename: ./Runtime/Export/Debug/Debug.bindings.h Line: 39)

Earned perk Haste Lv.Level1 
(Filename: ./Runtime/Export/Debug/Debug.bindings.h Line: 39)

Push UI/Game/SelectModifierShrine 
(Filename: ./Runtime/Export/Debug/Debug.bindings.h Line: 39)

Applying RunModifier RunModifier_Pos_Damage RunModifier_Neg_Combat_Armor 
(Filename: ./Runtime/Export/Debug/Debug.bindings.h Line: 39)

Applying run modifier RunModifier_Pos_Damage:RunModifier_Neg_Combat_Armor 
(Filename: ./Runtime/Export/Debug/Debug.bindings.h Line: 39)

Room 4 cleared 
(Filename: ./Runtime/Export/Debug/Debug.bindings.h Line: 39)

Starting fight on room Combat_1x1_ZRoom7 (7)
Enemies to spawn: Carrot  
(Filename: ./Runtime/Export/Debug/Debug.bindings.h Line: 39)

Fight complete 
(Filename: ./Runtime/Export/Debug/Debug.bindings.h Line: 39)

Room 7 cleared 
(Filename: ./Runtime/Export/Debug/Debug.bindings.h Line: 39)

Player level up! 
(Filename: ./Runtime/Export/Debug/Debug.bindings.h Line: 39)

Push UI/Game/Upgrade 
(Filename: ./Runtime/Export/Debug/Debug.bindings.h Line: 39)

Earned perk LifeAwareness Lv.Level1 
(Filename: ./Runtime/Export/Debug/Debug.bindings.h Line: 39)

Push UI/Game/Pause 
(Filename: ./Runtime/Export/Debug/Debug.bindings.h Line: 39)

Push UI/EmptyPanel 
(Filename: ./Runtime/Export/Debug/Debug.bindings.h Line: 39)

AddPlaytime 165.7699 
(Filename: ./Runtime/Export/Debug/Debug.bindings.h Line: 39)

CampaignManager.Save - Backup: True 
(Filename: ./Runtime/Export/Debug/Debug.bindings.h Line: 39)

Exiting Game 
(Filename: ./Runtime/Export/Debug/Debug.bindings.h Line: 39)

AddPlaytime 165.7699 
(Filename: ./Runtime/Export/Debug/Debug.bindings.h Line: 39)

Opening file /home/jy/My Games/Ziggurat2/76561198253569037/save_0.mlk - Mode:Create 
(Filename: ./Runtime/Export/Debug/Debug.bindings.h Line: 39)

Unloading 5 Unused Serialized files (Serialized files now loaded: 20)
Opening file /home/jy/My Games/Ziggurat2/76561198253569037/campaign.mlk - Mode:Create 
(Filename: ./Runtime/Export/Debug/Debug.bindings.h Line: 39)

Opening file /home/jy/My Games/Ziggurat2/76561198253569037/campaign.bak - Mode:Create 
(Filename: ./Runtime/Export/Debug/Debug.bindings.h Line: 39)

UnloadTime: 81.493454 ms

Unloading 441 unused Assets to reduce memory usage. Loaded Objects now: 113394.
Total: 112.394799 ms (FindLiveObjects: 4.676252 ms CreateObjectMapping: 7.875413 ms MarkObjects: 97.422995 ms  DeleteObjects: 2.418737 ms)

Push UI/Menu/Loading 
(Filename: ./Runtime/Export/Debug/Debug.bindings.h Line: 39)

Unloading 3 Unused Serialized files (Serialized files now loaded: 20)
UnloadTime: 2.272432 ms
Push UI/Menu/MainMenu 
(Filename: ./Runtime/Export/Debug/Debug.bindings.h Line: 39)


Unloading 27 unused Assets to reduce memory usage. Loaded Objects now: 160206.
Total: 123.325903 ms (FindLiveObjects: 10.822771 ms CreateObjectMapping: 9.533613 ms MarkObjects: 102.095119 ms  DeleteObjects: 0.873348 ms)

Exiting game 
(Filename: ./Runtime/Export/Debug/Debug.bindings.h Line: 39)

CampaignManager.Save - Backup: False 
(Filename: ./Runtime/Export/Debug/Debug.bindings.h Line: 39)

OnApplicationQuit 
(Filename: ./Runtime/Export/Debug/Debug.bindings.h Line: 39)

Opening file /home/jy/My Games/Ziggurat2/76561198253569037/campaign.mlk - Mode:Create 
(Filename: ./Runtime/Export/Debug/Debug.bindings.h Line: 39)

Setting up 6 worker threads for Enlighten.
  Thread -> id: 7f7b8f7fe640 -> priority: 1 
  Thread -> id: 7f7b8effd640 -> priority: 1 
  Thread -> id: 7f7b8e7fc640 -> priority: 1 
  Thread -> id: 7f7ad7fff640 -> priority: 1 
  Thread -> id: 7f7a923f6640 -> priority: 1 
  Thread -> id: 7f7a91bf5640 -> priority: 1 
Vulkan PSO: data extracted [new size=4391143, old size=3079646, incomplete=0]
Vulkan PSO: Saved size[4391143] path[/tmp/Milkstone Studios/Ziggurat2/vulkan_pso_cache.bin] success=1 headerChanged=0 sizeChanged=1
